<?xml version="1.0" encoding="UTF-8"?>
<!-- Generated by org.testng.reporters.JUnitXMLReporter -->
<testsuite ignored="1" hostname="DESKTOP-KJN452G" failures="0" tests="1" name="Default test" time="16.808" errors="0" timestamp="2026-03-29T17:10:20 IST">
  <testcase classname="Selenium_sauce_project.Sauce_website.Sauce_page" name="EndToEnd" time="13.488"/>
  <testcase classname="Selenium_sauce_project.Sauce_website.Sauce_page" name="ProductList" time="0.0">
    <ignored/>
  </testcase> <!-- ProductList -->
</testsuite> <!-- Default test -->
