<?xml version="1.0" encoding="UTF-8"?>
<!-- Generated by org.testng.reporters.JUnitXMLReporter -->
<testsuite ignored="1" hostname="DESKTOP-KJN452G" failures="0" tests="1" name="brokenLinks" time="7.853" errors="0" timestamp="2026-03-30T13:27:36 IST">
  <testcase classname="Selenium_sauce_project.Sauce_website.TestCase2" name="BrokenLinksCheck" time="2.809"/>
  <testcase classname="Selenium_sauce_project.Sauce_website.TestCase2" name="SigninTest" time="0.0">
    <ignored/>
  </testcase> <!-- SigninTest -->
</testsuite> <!-- brokenLinks -->
