<?xml version="1.0" encoding="UTF-8"?>
<!-- Generated by org.testng.reporters.JUnitXMLReporter -->
<testsuite ignored="1" hostname="DESKTOP-KJN452G" failures="0" tests="1" name="EndToEnd" time="18.091" errors="0" timestamp="2026-03-30T13:27:46 IST">
  <testcase classname="Selenium_sauce_project.Sauce_website.Sauce_page" name="EndToEnd" time="13.051"/>
  <testcase classname="Selenium_sauce_project.Sauce_website.Sauce_page" name="ProductList" time="0.0">
    <ignored/>
  </testcase> <!-- ProductList -->
</testsuite> <!-- EndToEnd -->
