<?xml version="1.0" encoding="UTF-8"?>
<testng-results ignored="1" total="4" passed="2" failed="1" skipped="0">
  <reporter-output>
  </reporter-output>
  <suite started-at="2026-03-29T23:48:16 IST" name="Suite" finished-at="2026-03-29T23:48:53 IST" duration-ms="37961">
    <groups>
      <group name="endtoend">
        <method signature="Sauce_page.EndToEnd(java.util.HashMap)[pri:0, instance:Selenium_sauce_project.Sauce_website.Sauce_page@638ef7ed]" name="EndToEnd" class="Selenium_sauce_project.Sauce_website.Sauce_page"/>
        <method signature="TestCase2.BrokenLinksCheck()[pri:0, instance:Selenium_sauce_project.Sauce_website.TestCase2@5f77d0f9]" name="BrokenLinksCheck" class="Selenium_sauce_project.Sauce_website.TestCase2"/>
      </group> <!-- endtoend -->
    </groups>
    <test started-at="2026-03-29T23:48:16 IST" name="EndToEnd" finished-at="2026-03-29T23:48:33 IST" duration-ms="17297">
      <class name="Selenium_sauce_project.Sauce_website.Sauce_page">
        <test-method is-config="true" signature="initialiseApp()[pri:0, instance:Selenium_sauce_project.Sauce_website.Sauce_page@638ef7ed]" started-at="2026-03-29T23:48:16 IST" name="initialiseApp" finished-at="2026-03-29T23:48:19 IST" duration-ms="2946" status="PASS">
          <reporter-output>
          </reporter-output>
        </test-method> <!-- initialiseApp -->
        <test-method signature="EndToEnd(java.util.HashMap)[pri:0, instance:Selenium_sauce_project.Sauce_website.Sauce_page@638ef7ed]" started-at="2026-03-29T23:48:19 IST" name="EndToEnd" data-provider="getJsonData" finished-at="2026-03-29T23:48:33 IST" duration-ms="13822" status="PASS">
          <params>
            <param index="0">
              <value>
                <![CDATA[{size=L, color=Blue, productName=Noir jacket}]]>
              </value>
            </param>
          </params>
          <reporter-output>
          </reporter-output>
        </test-method> <!-- EndToEnd -->
        <test-method is-config="true" signature="tearDown()[pri:0, instance:Selenium_sauce_project.Sauce_website.Sauce_page@638ef7ed]" started-at="2026-03-29T23:48:33 IST" name="tearDown" finished-at="2026-03-29T23:48:33 IST" duration-ms="255" status="PASS">
          <reporter-output>
          </reporter-output>
        </test-method> <!-- tearDown -->
      </class> <!-- Selenium_sauce_project.Sauce_website.Sauce_page -->
    </test> <!-- EndToEnd -->
    <test started-at="2026-03-29T23:48:33 IST" name="brokenLinks" finished-at="2026-03-29T23:48:53 IST" duration-ms="20230">
      <class name="Selenium_sauce_project.Sauce_website.TestCase2">
        <test-method is-config="true" signature="initialiseApp()[pri:0, instance:Selenium_sauce_project.Sauce_website.TestCase2@5f77d0f9]" started-at="2026-03-29T23:48:33 IST" name="initialiseApp" finished-at="2026-03-29T23:48:35 IST" duration-ms="1628" status="PASS">
          <reporter-output>
          </reporter-output>
        </test-method> <!-- initialiseApp -->
        <test-method signature="BrokenLinksCheck()[pri:0, instance:Selenium_sauce_project.Sauce_website.TestCase2@5f77d0f9]" started-at="2026-03-29T23:48:35 IST" name="BrokenLinksCheck" finished-at="2026-03-29T23:48:38 IST" duration-ms="3299" status="PASS">
          <reporter-output>
          </reporter-output>
        </test-method> <!-- BrokenLinksCheck -->
        <test-method is-config="true" signature="tearDown()[pri:0, instance:Selenium_sauce_project.Sauce_website.TestCase2@5f77d0f9]" started-at="2026-03-29T23:48:38 IST" name="tearDown" finished-at="2026-03-29T23:48:38 IST" duration-ms="126" status="PASS">
          <reporter-output>
          </reporter-output>
        </test-method> <!-- tearDown -->
        <test-method is-config="true" signature="initialiseApp()[pri:0, instance:Selenium_sauce_project.Sauce_website.TestCase2@5f77d0f9]" started-at="2026-03-29T23:48:38 IST" name="initialiseApp" finished-at="2026-03-29T23:48:40 IST" duration-ms="1726" status="PASS">
          <reporter-output>
          </reporter-output>
        </test-method> <!-- initialiseApp -->
        <test-method signature="SigninTest()[pri:0, instance:Selenium_sauce_project.Sauce_website.TestCase2@5f77d0f9]" started-at="2026-03-29T23:48:40 IST" name="SigninTest" finished-at="2026-03-29T23:48:53 IST" duration-ms="12971" status="FAIL">
          <exception class="org.openqa.selenium.TimeoutException">
            <message>
              <![CDATA[Expected condition failed: waiting for visibility of element found by By.cssSelector: .customer_name, but... org.openqa.selenium.NoSuchElementException: no such element: Unable to locate element: {"method":"css selector","selector":".customer_name"}.
(tried for 10 seconds with 500 milliseconds interval)
Build info: version: '4.41.0', revision: '9fc754f'
System info: os.name: 'Windows 10', os.arch: 'amd64', os.version: '10.0', java.version: '21.0.9'
Driver info: org.openqa.selenium.chrome.ChromeDriver
Capabilities {acceptInsecureCerts: false, browserName: chrome, browserVersion: 146.0.7680.80, chrome: {chromedriverVersion: 146.0.7680.165 (4b989da09e1..., userDataDir: C:\Users\warie\AppData\Loca...}, fedcm:accounts: true, goog:chromeOptions: {debuggerAddress: localhost:62881}, goog:processID: 17820, networkConnectionEnabled: false, pageLoadStrategy: normal, platformName: windows, proxy: Proxy(), se:cdp: ws://localhost:62881/devtoo..., se:cdpVersion: 146.0.7680.80, setWindowRect: true, strictFileInteractability: false, timeouts: {implicit: 0, pageLoad: 300000, script: 30000}, unhandledPromptBehavior: dismiss and notify, webauthn:extension:credBlob: true, webauthn:extension:largeBlob: true, webauthn:extension:minPinLength: true, webauthn:extension:prf: true, webauthn:virtualAuthenticators: true}
Session ID: 8ab33f63897d7997260ca213fd7d8afd]]>
            </message>
            <full-stacktrace>
              <![CDATA[org.openqa.selenium.TimeoutException: Expected condition failed: waiting for visibility of element found by By.cssSelector: .customer_name, but... org.openqa.selenium.NoSuchElementException: no such element: Unable to locate element: {"method":"css selector","selector":".customer_name"}.
(tried for 10 seconds with 500 milliseconds interval)
Build info: version: '4.41.0', revision: '9fc754f'
System info: os.name: 'Windows 10', os.arch: 'amd64', os.version: '10.0', java.version: '21.0.9'
Driver info: org.openqa.selenium.chrome.ChromeDriver
Capabilities {acceptInsecureCerts: false, browserName: chrome, browserVersion: 146.0.7680.80, chrome: {chromedriverVersion: 146.0.7680.165 (4b989da09e1..., userDataDir: C:\Users\warie\AppData\Loca...}, fedcm:accounts: true, goog:chromeOptions: {debuggerAddress: localhost:62881}, goog:processID: 17820, networkConnectionEnabled: false, pageLoadStrategy: normal, platformName: windows, proxy: Proxy(), se:cdp: ws://localhost:62881/devtoo..., se:cdpVersion: 146.0.7680.80, setWindowRect: true, strictFileInteractability: false, timeouts: {implicit: 0, pageLoad: 300000, script: 30000}, unhandledPromptBehavior: dismiss and notify, webauthn:extension:credBlob: true, webauthn:extension:largeBlob: true, webauthn:extension:minPinLength: true, webauthn:extension:prf: true, webauthn:virtualAuthenticators: true}
Session ID: 8ab33f63897d7997260ca213fd7d8afd
at org.openqa.selenium.support.ui.WebDriverWait.timeoutException(WebDriverWait.java:85)
at org.openqa.selenium.support.ui.FluentWait.until(FluentWait.java:233)
at Common_class.Extending_methods.visibilityOfElementLocated(Extending_methods.java:59)
at Selenium_sauce_project.Sauce_website.Home_page.loginTest(Home_page.java:97)
at Selenium_sauce_project.Sauce_website.TestCase2.SigninTest(TestCase2.java:20)
at java.base/jdk.internal.reflect.DirectMethodHandleAccessor.invoke(DirectMethodHandleAccessor.java:103)
at java.base/java.lang.reflect.Method.invoke(Method.java:580)
at org.testng.internal.invokers.MethodInvocationHelper.invokeMethod(MethodInvocationHelper.java:141)
at org.testng.internal.invokers.TestInvoker.invokeMethod(TestInvoker.java:687)
at org.testng.internal.invokers.TestInvoker.invokeTestMethod(TestInvoker.java:230)
at org.testng.internal.invokers.MethodRunner.runInSequence(MethodRunner.java:63)
at org.testng.internal.invokers.TestInvoker$MethodInvocationAgent.invoke(TestInvoker.java:995)
at org.testng.internal.invokers.TestInvoker.invokeTestMethods(TestInvoker.java:203)
at org.testng.internal.invokers.TestMethodWorker.invokeTestMethods(TestMethodWorker.java:154)
at org.testng.internal.invokers.TestMethodWorker.run(TestMethodWorker.java:134)
at java.base/java.util.ArrayList.forEach(ArrayList.java:1596)
at org.testng.TestRunner.privateRun(TestRunner.java:741)
at org.testng.TestRunner.run(TestRunner.java:616)
at org.testng.SuiteRunner.runTest(SuiteRunner.java:421)
at org.testng.SuiteRunner.runSequentially(SuiteRunner.java:413)
at org.testng.SuiteRunner.privateRun(SuiteRunner.java:373)
at org.testng.SuiteRunner.run(SuiteRunner.java:312)
at org.testng.SuiteRunnerWorker.runSuite(SuiteRunnerWorker.java:52)
at org.testng.SuiteRunnerWorker.run(SuiteRunnerWorker.java:95)
at org.testng.TestNG.runSuitesSequentially(TestNG.java:1274)
at org.testng.TestNG.runSuitesLocally(TestNG.java:1208)
at org.testng.TestNG.runSuites(TestNG.java:1112)
at org.testng.TestNG.run(TestNG.java:1079)
at org.testng.remote.AbstractRemoteTestNG.run(AbstractRemoteTestNG.java:115)
at org.testng.remote.RemoteTestNG.initAndRun(RemoteTestNG.java:293)
at org.testng.remote.RemoteTestNG.main(RemoteTestNG.java:91)
]]>
            </full-stacktrace>
          </exception> <!-- org.openqa.selenium.TimeoutException -->
          <reporter-output>
          </reporter-output>
        </test-method> <!-- SigninTest -->
        <test-method is-config="true" signature="tearDown()[pri:0, instance:Selenium_sauce_project.Sauce_website.TestCase2@5f77d0f9]" started-at="2026-03-29T23:48:53 IST" name="tearDown" finished-at="2026-03-29T23:48:53 IST" duration-ms="203" status="PASS">
          <reporter-output>
          </reporter-output>
        </test-method> <!-- tearDown -->
      </class> <!-- Selenium_sauce_project.Sauce_website.TestCase2 -->
    </test> <!-- brokenLinks -->
  </suite> <!-- Suite -->
</testng-results>
