<?xml version="1.0" encoding="UTF-8"?>
<!-- Generated by org.testng.reporters.JUnitReportReporter -->
<testsuite hostname="DESKTOP-KJN452G" failures="0" tests="2" name="Selenium_sauce_project.Sauce_website.Sauce_page" time="17.572" errors="0" timestamp="2026-03-30T13:27:46 IST" skipped="1">
  <testcase classname="Selenium_sauce_project.Sauce_website.Sauce_page" name="EndToEnd" time="17.572"/>
  <testcase classname="Selenium_sauce_project.Sauce_website.Sauce_page" name="ProductList">
    <skipped/>
  </testcase> <!-- ProductList -->
</testsuite> <!-- Selenium_sauce_project.Sauce_website.Sauce_page -->
